<?xml version="1.0" encoding="UTF-8"?>
<testsuite name="de.tud.cs.se.flashcards.model.learning.RandomLearningStrategyTest" tests="1" skipped="0" failures="0" errors="0" timestamp="2019-01-24T13:09:30" hostname="DESKTOP-2K7NFAT" time="0.001">
  <properties/>
  <testcase name="testLearningStrategy" classname="de.tud.cs.se.flashcards.model.learning.RandomLearningStrategyTest" time="0.001"/>
  <system-out><![CDATA[]]></system-out>
  <system-err><![CDATA[]]></system-err>
</testsuite>
